         w __deregister_frame_info
         w __register_frame_info
         w userAppExit
         w userAppInit
00000000 00000802 B __ctru_dev_utf16_buf
00000000 A __sync_synchronize
00000000 b _TLS_MODULE_BASE_
00000000 a shift
00000000 a shift
00000804 00000401 B __ctru_dev_path_buf
00100000 A __start__
00100000 T _start
00100008 T __service_ptr
0010000c T __apt_appid
00100010 T __heap_size
00100014 T __linear_heap_size
00100018 T __system_arglist
0010001c T __system_runflags
00100020 t startup
00100058 t ClearMem
0010006c t ClrLoop
00100094 T _init
001000ac T __aeabi_idiv
001000ac 00000220 T __divsi3
001000b4 t .divsi3_skip_div0_test
001002cc 00000020 T __aeabi_idivmod
001002ec 00000004 W __aeabi_idiv0
001002ec 00000004 W __aeabi_ldiv0
001002f0 T __aeabi_uldivmod
00100348 00000390 T strcmp
001006d0 t .udivsi3_skip_div0_test
001006d0 T __aeabi_uidiv
001006d0 000001ec T __udivsi3
001008bc 00000020 T __aeabi_uidivmod
001008dc t __do_global_dtors_aux
0010091c t frame_dummy
00100948 0000059c T advancedMode
00100ee4 000000a0 T main
00100f84 000000c0 T drawLine
00101044 00000038 T printSimpleControls
00101080 00000218 T simpleMode
00101298 00000044 t C2Di_FrameEndHook
001012e0 0000036c T C2D_Init
0010164c 0000004c T C2D_Fini
00101698 000000b8 T C2D_Prepare
00101750 00000048 T C2D_Flush
00101798 00000104 T C2D_SceneSize
0010189c 00000058 T C2D_CreateScreenTarget
001018f4 00000064 T C2D_TargetClear
00101958 00000058 T C2Di_AppendQuad
001019b0 00000550 T C2Di_Update
00101f00 000001dc T C2D_DrawLine
001020dc 0000016c T C2D_DrawEllipse
00102248 00000028 T AttrInfo_Init
00102270 00000094 T AttrInfo_AddLoader
00102304 00000054 T C3D_SetAttrInfo
00102358 00000080 T C3Di_AttrInfoBind
001023d8 00000004 W C3Di_LightEnvUpdate
001023dc 00000004 W C3Di_LightEnvDirty
001023e0 000000b4 t C3Di_AptEventHook
00102494 00000004 W C3Di_GasUpdate
00102498 000001d0 T C3D_Init
00102668 00000098 T C3D_SetViewport
00102700 000004e8 T C3Di_UpdateContext
00102be8 000000e0 T C3Di_SplitFrame
00102cc8 00000044 T C3D_Fini
00102d0c 00000194 T C3D_BindProgram
00102ea0 00000024 T BufInfo_Init
00102ec4 00000080 T BufInfo_Add
00102f44 0000003c T C3D_SetBufInfo
00102f80 00000048 T C3Di_BufInfoBind
00102fc8 0000021c T C3D_DrawElements
001031e4 00000040 T C3D_DepthMap
00103224 0000001c T C3D_CullFace
00103240 00000040 T C3D_StencilTest
00103280 00000024 T C3D_StencilOp
001032a4 0000001c T C3D_BlendingColor
001032c0 00000024 T C3D_EarlyDepthTest
001032e4 0000002c T C3D_DepthTest
00103310 0000002c T C3D_AlphaTest
0010333c 00000050 T C3D_AlphaBlend
0010338c 00000030 T C3D_FragOpMode
001033bc 00000044 T C3D_FragOpShadow
00103400 000001ac T C3Di_EffectBind
001035ac 0000001c T C3D_CalcColorBufSize
001035c8 0000001c T C3D_CalcDepthBufSize
001035e4 00000044 T C3D_SetFrameBuf
00103628 0000016c T C3Di_FrameBufBind
00103794 000000c8 T C3D_FrameBufClear
0010385c 00000044 T C3D_FrameBufTransfer
001038a0 000000a8 T C3D_ImmSendAttrib
00103948 00000070 T C3D_ProcTexInit
001039b8 00000054 T C3D_ProcTexBind
00103a0c 0000005c T C3D_ProcTexLutBind
00103a68 000000a4 T ProcTexLut_FromArray
00103b0c 00000178 T C3Di_ProcTexUpdate
00103c84 00000068 T C3Di_ProcTexDirty
00103cec 0000004c t onVBlank0
00103d38 0000004c t onVBlank1
00103d84 00000080 t C3Di_RenderTargetDestroy
00103e04 000000f4 t onQueueFinish
00103ef8 00000038 T C3Di_RenderQueueEnableVBlank
00103f30 00000030 T C3Di_RenderQueueDisableVBlank
00103f60 00000060 T C3Di_RenderQueueInit
00103fc0 000000b4 T C3Di_RenderQueueExit
00104074 00000034 T C3Di_RenderQueueWaitDone
001040a8 000000e8 T C3D_FrameBegin
00104190 00000048 T C3D_FrameDrawOn
001041d8 00000058 T C3D_FrameSplit
00104230 000001d0 T C3D_FrameEnd
00104400 0000001c T C3D_FrameEndHook
0010441c 00000170 T C3D_RenderTargetCreate
0010458c 000000a8 T C3D_RenderTargetSetOutput
00104634 00000034 T C3D_GetTexEnv
00104668 00000024 T C3Di_TexEnvBind
0010468c 00000044 T C3D_TexBind
001046d0 0000014c T C3Di_SetTex
0010481c 00000290 T C3D_UpdateUniforms
00104aac 000000c0 T C3Di_DirtyUniforms
00104b6c 000000d8 T C3Di_LoadShaderUniforms
00104c44 00000028 T C3Di_ClearShaderUniforms
00104c6c 000000cc T Mtx_Ortho
00104d38 000000cc T Mtx_OrthoTilt
00104e04 00000024 t addrMapNodeComparator(rbtree_node const*, rbtree_node const*)
00104e28 00000004 t addrMapNodeDestructor(rbtree_node*)
00104e2c 00000120 T linearMemAlign
00104f4c 00000008 T linearAlloc
00104f54 0000005c T linearFree
00104fb0 00000080 T MemPool::CoalesceRight(MemBlock*)
00105030 0000016c T MemPool::Allocate(MemChunk&, unsigned long, int)
0010519c 000000fc T MemPool::Deallocate(MemChunk const&)
00105298 00000030 T MemPool::GetFreeSpace()
001052c8 00000024 t addrMapNodeComparator(rbtree_node const*, rbtree_node const*)
001052ec 00000004 t addrMapNodeDestructor(rbtree_node*)
001052f0 0000024c T vramMemAlignAt
0010553c 0000000c T vramAlloc
00105548 0000000c T vramAllocAt
00105554 00000090 T vramFree
001055e4 0000051c t consoleHandleColorEsc
00105b00 000000b8 t consoleColorStateShift
00105bb8 00000018 T consoleSelect
00105bd0 000001ac T consoleDrawChar
00105d7c 00000124 T consolePrintChar
00105ea0 000006f4 T con_write
00106594 000000fc t newRow
00106690 0000018c T consoleInit
0010681c 000000b8 T consoleClear
001068d4 000000d0 t gfxPresentFramebuffer
001069a4 0000001c T gfxIsWide
001069c0 000000ec T gfxSetScreenFormat
00106aac 00000010 T gfxSetDoubleBuffering
00106abc 000000e0 T gfxInit
00106b9c 00000010 T gfxInitDefault
00106bac 000000b4 T gfxExit
00106c60 000000a0 T gfxGetFramebuffer
00106d00 00000104 T gfxFlushBuffers
00106e04 00000030 T gfxScreenSwapBuffers
00106e34 00000050 T gfxSwapBuffers
00106e84 00000050 T gfxSwapBuffersGpu
00106ed4 00000074 T osConvertVirtToPhys
00106f48 00000034 T __ctru_speedup_config
00106f7c 0000013c T GPUCMD_Add
001070b8 000000b0 T GPUCMD_Split
00107168 00000034 T f32tof16
0010719c 00000034 T f32tof24
001071d0 00000038 T f32tof31
00107208 00000010 T GX_BindQueue
00107218 00000078 T GX_ProcessCommandList
00107290 00000074 T GX_MemoryFill
00107304 00000070 T GX_DisplayTransfer
00107374 00000068 t gxCmdQueueDoCommands.part.0
001073dc 000000c8 T gxCmdQueueInterrupt
001074a4 0000004c T gxCmdQueueClear
001074f0 000000f8 T gxCmdQueueAdd
001075e8 00000080 T gxCmdQueueRun
00107668 00000060 T gxCmdQueueStop
001076c8 0000008c T gxCmdQueueWait
00107754 000001d0 T shaderInstanceInit
00107924 00000018 T shaderInstanceGetUniformLocation
0010793c 0000001c T shaderProgramInit
00107958 00000064 T shaderProgramFree
001079bc 00000080 T shaderProgramSetVsh
00107a3c 000008e0 T shaderProgramConfigure
0010831c 000001cc t DVLE_GenerateOutmap.part.0
001084e8 000001b4 T DVLB_ParseFile
0010869c 00000038 T DVLB_Free
001086d4 00000074 T DVLE_GetUniformRegister
00108748 000001ac t aptConvertScreenForCapture
001088f4 00000008 W aptDspSleep
001088fc 00000004 W aptDspWakeup
00108900 00000004 W aptDspCancel
00108904 00000158 T aptSendCommand
00108a60 00000044 t aptExitProcess
00108aa4 0000038c T aptExit
00108e30 000000e0 T aptHandleSleep
00108f10 00000030 T aptHook
00108f40 00000030 T aptUnhook
00108f70 00000084 T APT_SleepIfShellClosed
00108ff4 00000084 T aptSetSleepAllowed
00109078 00000084 T APT_UnlockTransition
00109100 000004a4 t aptEventHandler
001095a4 000000b0 T APT_ReceiveParameter
00109654 000000ac t aptReceiveParameter.constprop.0
00109700 000002ac t aptScreenTransfer
001099ac 00000320 t aptWaitForWakeUp.isra.0
00109ccc 000000f8 T aptJumpToHomeMenu
00109dc4 00000048 T aptMainLoop
00109e0c 0000022c T aptInit
0010a038 0000007c T APT_CheckNew3DS
0010a0b4 00000c64 t gspHardwareInit
0010ad18 00000248 T gspInit
0010af60 000000f0 T gspExit
0010b050 00000010 T gspHasGpuRight
0010b060 000000a0 T gspPresentBuffer
0010b100 00000030 T gspSetEventCallback
0010b130 00000044 T gspWaitForEvent
0010b174 0000004c T gspWaitForAnyEvent
0010b1c0 00000158 t gspEventThreadMain
0010b318 00000130 T gspSubmitGxCommand
0010b448 00000050 T GSPGPU_FlushDataCache
0010b498 00000034 T GSPGPU_SetLcdForceBlack
0010b4cc 00000068 T GSPGPU_AcquireRight
0010b534 00000048 T GSPGPU_ReleaseRight
0010b57c 0000007c T GSPGPU_ImportDisplayCaptureInfo
0010b5f8 0000002c T GSPGPU_SaveVramSysArea
0010b624 0000002c T GSPGPU_RestoreVramSysArea
0010b650 00000024 W hidShouldUseIrrst
0010b674 0000018c T hidInit
0010b800 000000e8 T hidExit
0010b8e8 000002a4 T hidScanInput
0010bb8c 00000010 T hidKeysHeld
0010bb9c 00000010 T hidKeysDown
0010bbac 00000018 T hidTouchRead
0010bbc4 00000160 T irrstInit
0010bd24 000000cc T irrstExit
0010bdf0 000000b4 T irrstScanInput
0010bea4 00000024 T irrstKeysHeld
0010bec8 00000074 T mcuHwcInit
0010bf3c 0000003c T mcuHwcExit
0010bf78 00000038 T MCUHWC_GetSoundSliderLevel
0010bfb0 00000074 T ptmSysmInit
0010c024 0000003c T ptmSysmExit
0010c060 00000034 T PTMSYSM_ConfigureNew3DSCPU
0010c094 00000074 T rbtree_find
0010c108 00000010 T rbtree_init
0010c118 000001b0 t do_insert
0010c2c8 00000008 T rbtree_insert
0010c2d0 00000318 T rbtree_remove
0010c5e8 00000090 T rbtree_rotate
0010c678 000001e0 W __system_allocateHeaps
0010c858 00000038 W __libctru_init
0010c890 00000170 W __system_initArgv
0010ca00 00000030 T __syscall_getreent
0010ca30 00000004 T __syscall_lock_acquire
0010ca34 00000004 T __syscall_lock_release
0010ca38 00000004 T __syscall_lock_acquire_recursive
0010ca3c 00000004 T __syscall_lock_release_recursive
0010ca40 00000004 T __syscall_exit
0010ca44 00000050 T initThreadVars
0010ca94 00000080 T __system_initSyscalls
0010cb14 T svcControlMemory
0010cb34 T svcQueryMemory
0010cb64 T svcExitProcess
0010cb6c T svcCreateThread
0010cb8c T svcExitThread
0010cb94 T svcSleepThread
0010cb9c T svcReleaseMutex
0010cba4 T svcCreateEvent
0010cbb8 T svcSignalEvent
0010cbc0 T svcClearEvent
0010cbc8 T svcMapMemoryBlock
0010cbd0 T svcUnmapMemoryBlock
0010cbd8 T svcCreateAddressArbiter
0010cbec T svcArbitrateAddressNoTimeout
0010cbf4 T svcCloseHandle
0010cbfc T svcWaitSynchronization
0010cc04 T svcWaitSynchronizationN
0010cc2c T svcDuplicateHandle
0010cc40 T svcGetSystemTick
0010cc48 T svcConnectToPort
0010cc5c T svcSendSyncRequest
0010cc64 T svcGetResourceLimit
0010cc78 T svcGetResourceLimitLimitValues
0010cc80 T svcGetResourceLimitCurrentValues
0010cc88 T svcBreak
0010cc90 W initSystem
0010cce0 W __ctru_exit
0010ccf4 00000084 W envGetHandle
0010cd78 00000050 W envDestroyHandles
0010cdc8 0000012c T srvInit
0010cef4 00000058 T srvExit
0010cf4c 00000060 T srvEnableNotification
0010cfac 000000a0 T srvGetServiceHandleDirect
0010d04c 00000038 T srvGetServiceHandle
0010d084 00000034 T srvSubscribe
0010d0b8 00000060 T srvReceiveNotification
0010d118 00000038 T srvPublishToSubscriber
0010d150 0000000c T __sync_init
0010d15c 00000018 T __sync_fini
0010d174 0000002c T syncArbitrateAddress
0010d1a0 000000ac T LightLock_Lock
0010d24c 00000040 T LightLock_Unlock
0010d28c 00000030 T RecursiveLock_Lock
0010d2bc 00000054 T RecursiveLock_Unlock
0010d310 00000040 T LightEvent_Init
0010d350 000000a4 T LightEvent_Clear
0010d3f4 000000c8 T LightEvent_Signal
0010d4bc 00000050 T LightEvent_TryWait
0010d50c 000000a0 T LightEvent_Wait
0010d5ac 000001d8 T threadCreate
0010d784 0000002c T threadFree
0010d7b0 00000024 T threadJoin
0010d7d4 00000030 T threadGetCurrent
0010d804 00000040 T threadExit
0010d844 00000020 t _thread_begin
0010d864 000000b4 t mappableFindAddressWithin
0010d918 00000028 T mappableInit
0010d940 00000080 T mappableAlloc
0010d9c0 00000004 T mappableFree
0010d9c4 0000000c T srvPmGetSessionHandle
0010d9d0 0000005c T rbtree_node_next
0010da2c 00000030 W __appExit
0010da5c 00000030 W __appInit
0010da8c 00000090 W __libctru_exit
0010db1c 00000014 t archive_link
0010db30 00000014 t archive_dirreset
0010db44 00000014 t archive_chmod
0010db58 00000024 t error_cmp
0010db7c 00000050 t archive_translate_error
0010dbcc 000000c8 t archive_seek
0010dc94 0000007c t _archiveInit.part.0
0010dd10 000000c4 t archiveFindDevice.part.0
0010ddd4 00000280 t archive_utf16path
0010e054 0000009c t _archiveUnmountDeviceStruct.part.0
0010e0f0 00000014 t archive_fchmod
0010e104 00000014 t archive_statvfs
0010e118 00000164 t _archiveMountDevice
0010e27c 000000e8 t archive_diropen
0010e364 000000a4 t archive_fstat
0010e408 0000006c t archive_fsync
0010e474 0000006c t archive_close
0010e4e0 00000070 t archive_dirclose
0010e550 000000e8 t sdmc_statvfs
0010e638 000000ec t archive_chdir
0010e724 0000007c t archive_ftruncate
0010e7a0 000000ac t archive_read
0010e84c 000000a4 t archive_unlink
0010e8f0 000000bc t archive_rmdir
0010e9ac 000000dc t archive_mkdir
0010ea88 00000194 t archive_stat
0010ec1c 00000160 t archive_dirnext
0010ed7c 00000124 t archive_write
0010eea0 0000020c t archive_open
0010f0ac 00000278 t archive_rename
0010f324 0000019c T archiveMountSdmc
0010f4c0 00000054 T archiveUnmountAll
0010f514 000000cc T fsInit
0010f5e0 0000003c T fsExit
0010f61c 00000060 T fsExemptFromSession
0010f67c 00000050 T fsUnexemptFromSession
0010f6cc 000000cc T FSUSER_OpenFile
0010f798 000000bc T FSUSER_DeleteFile
0010f854 000000f8 T FSUSER_RenameFile
0010f94c 000000bc T FSUSER_DeleteDirectory
0010fa08 000000d4 T FSUSER_CreateFile
0010fadc 000000c4 T FSUSER_CreateDirectory
0010fba0 000000f8 T FSUSER_RenameDirectory
0010fc98 000000b4 T FSUSER_OpenDirectory
0010fd4c 00000094 T FSUSER_OpenArchive
0010fde0 0000008c T FSUSER_CloseArchive
0010fe6c 00000074 T FSUSER_GetSdmcArchiveResource
0010fee0 00000064 T FSUSER_IsSdmcWritable
0010ff44 00000058 T FSFILE_Read
0010ff9c 00000060 T FSFILE_Write
0010fffc 00000038 T FSFILE_GetSize
00110034 00000028 T FSFILE_SetSize
0011005c 0000003c T FSFILE_Close
00110098 00000024 T FSFILE_Flush
001100bc 00000050 T FSDIR_Read
0011010c 0000003c T FSDIR_Close
00110148 0000013c T decode_utf8
00110284 000000e8 T utf16_to_utf8
0011036c 000000c0 T utf8_to_utf16
0011042c T __aeabi_read_tp
00110438 00000064 T decode_utf16
0011049c 00000054 T encode_utf16
001104f0 000000e0 T encode_utf8
001105d0 00000050 T sqrtf
00110620 00000008 T __ieee754_sqrtf
00110628 00000120 T __udivmoddi4
00110748 000000d8 T strncmp
00110820 0000005c T strlen
0011087c 000001e4 t _strtoul_l.isra.0
00110a60 00000034 T strtoul
00110a94 000000e4 T strncat
00110b78 00000078 T bsearch
00110bf0 00000020 T calloc
00110c10 000000c0 T _calloc_r
00110cd0 00000020 T memalign
00110cf0 0000001c t stdio_exit_handler
00110d0c 0000005c t cleanup_stdio
00110d68 00000154 t global_stdio_init.part.0
00110ebc 0000005c T __sinit
00110f18 0000000c T __sfp_lock_acquire
00110f24 0000000c T __sfp_lock_release
00110f30 000007e8 T _malloc_r
00111718 000000f8 T _malloc_trim_r
00111810 00000300 T _free_r
00111b10 00000294 T setvbuf
00111da4 0000004c T strnlen
00111df0 0000000c T __errno
00111dfc 00000034 T malloc
00111e30 00000018 T free
00111e48 00000130 T memcpy
00111f78 00000034 T printf
00111fac 000000e8 T memset
00112094 00000070 T _fwalk_sglue
00112104 0000000c T __malloc_lock
00112110 0000000c T __malloc_unlock
0011211c 00000004 W __call_exitprocs
00112120 00000030 T exit
00112150 000000c4 T strncpy
00112214 00000084 T __libc_init_array
00112298 00000228 T __sflush_r
001124c0 00000094 T _fflush_r
00112554 00000150 T _memalign_r
001126a4 0000003c T __libc_fini_array
001126e0 00000044 T __sread
00112724 00000068 T __swrite
0011278c 00000040 T __sseek
001127cc 00000008 T __sclose
001127d4 00000148 T _fclose_r
0011291c 000005e4 t get_arg
00112f00 0000342c T _vfprintf_r
0011632c 000000b8 t __sbprintf
001163e4 00000144 T __smakebuf_r
00116528 0000008c T __swhatbuf_r
001165b4 000001b4 t quorem
00116768 00001370 T _dtoa_r
00117ad8 000000a0 T _wcrtomb_r
00117b78 00000028 T _wcsrtombs_r
00117ba0 00000194 T __swsetup_r
00117d38 00000088 T frexp
00117dc0 0000005c T __assert_func
00117e1c 00000088 T _Balloc
00117ea4 0000001c T _Bfree
00117ec0 000000f4 T __multadd
00117fb4 00000080 T __hi0bits
00118034 000000f4 T __lo0bits
00118128 000000a4 T __i2b
001181cc 00000208 T __multiply
001183d4 00000130 T __pow5mult
00118504 00000138 T __lshift
0011863c 00000058 T __mcmp
00118694 000001f0 T __mdiff
00118884 00000120 T __d2b
001189a4 00000024 T __locale_mb_cur_max
001189c8 0000003c T fiprintf
00118a04 000000e0 T memchr
00118ae4 00000160 T _wcsnrtombs_l
00118c44 00000064 T _wcsnrtombs_r
00118ca8 00000324 T __utf8_mbtowc
00118fcc 00000030 T __sprint_r
00118ffc 00000014 T abort
00119010 00000024 T _localeconv_r
00119034 000000f0 T __utf8_wctomb
00119124 00000130 T strchr
00119254 00000160 T memmove
001193b4 00000090 T _raise_r
00119444 00000018 T raise
0011945c 00000480 T __sfvwrite_r
001198dc 000005e4 t get_arg
00119ec0 00002264 T _vfiprintf_r
0011c124 000000b8 t __sbprintf
0011c1dc 000004a4 T _realloc_r
0011c680 00000020 T _exit
0011c6a0 0000013c T chdir
0011c7dc 000001cc T _concatenate_path
0011c9a8 00000088 T _fstat_r
0011ca30 00000014 T _getpid_r
0011ca44 0000002c T __getreent
0011ca70 0000003c T __get_handle
0011caac 000000f4 T _close_r
0011cba0 00000008 t null_write
0011cba8 00000018 T setDefaultDevice
0011cbc0 000000c8 T FindDevice
0011cc88 00000028 T RemoveDevice
0011ccb0 00000098 T AddDevice
0011cd48 00000020 T GetDeviceOpTab
0011cd68 00000008 T _isatty_r
0011cd70 00000014 T _kill_r
0011cd84 0000008c T _lseek_r
0011ce10 00000088 T _read_r
0011ce98 00000078 W _sbrk_r
0011cf10 0000001c T __libc_lock_acquire
0011cf2c 0000001c T __libc_lock_release
0011cf48 0000001c T __libc_lock_acquire_recursive
0011cf64 0000001c T __libc_lock_release_recursive
0011cf80 00000088 T _write_r
0011d008 00000048 T strrchr
0011d050 T _fini
0011e3a8 r .LC2
0011e4d0 R render2d_shbin
0011e65c R render2d_shbin_end
0011e65c R render2d_shbin_size
0011e660 00000004 r depthFmtSizes
0011e664 00000005 r colorFmtSizes
0011e66c 00000010 r CSWTCH.11
0011e67c 00000080 r dotab_stdout
0011e6fc 00000018 r grayScale
0011e714 00000006 r colorCube
0011e71c 00000030 r colorTable
0011e74c 00000008 r morton_y.2
0011e754 00000008 r morton_x.3
0011e75c 00000008 r s_sleepWakeEvents.4
0011e764 R default_font_bin
0011ef64 R default_font_bin_end
0011ef64 00000030 r error_table
0011ef94 00000080 r archive_devoptab
0011f014 00000101 R _ctype_
0011f23c 00000010 r zeroes.0
0011f24c 00000010 r blanks.1
0011f264 0000006c R __action_table
0011f2d0 0000006c R __state_table
0011f33c 00000100 R __chclass
0011f43c 0000000c r p05.0
0011f448 00000028 R __mprec_bigtens
0011f470 000000c8 R __mprec_tens
0011f624 00000010 r zeroes.0
0011f634 00000010 r blanks.1
0011f644 00000080 R dotab_stdnull
0011f6c4 R __tdata_align
0011f6c8 r __EH_FRAME_BEGIN__
0011f6c8 R __exidx_end
0011f6c8 R __exidx_start
00120000 00000008 d framerateCounter
00120008 00000004 d framerate
0012000c 00000001 d firstConsoleInit.0
00120010 00000004 D currentConsole
00120014 00000048 D defaultConsole
0012005c 00000004 d queueLock
00120060 00000004 d aptChainloadDeliverArgSize
00120064 00000004 d kCount
00120068 00000004 d kInterval
0012006c 00000004 d kDelay
00120070 W __stacksize__
00120074 00000004 D _impure_ptr
00120078 00000120 D _impure_data
00120198 0000000c D __sglue
001201a4 00000004 D __malloc_sbrk_base
001201a8 00000004 D __malloc_trim_threshold
001201b0 00000408 D __malloc_av_
001205b8 0000016c D __global_locale
00120724 00000400 d _current_working_directory
00120b28 00001000 d handles
00121b28 0000000c d __stderr_handle
00121b34 0000000c d __stdout_handle
00121b40 0000000c d __stdin_handle
00121b4c 0000008c D devoptab_list
00121bd8 00000004 d defaultDevice
00121be4 d _GLOBAL_OFFSET_TABLE_
00121bf0 d __frame_dummy_init_array_entry
00121bf0 D __init_array_start
00121bf0 B __preinit_array_end
00121bf0 B __preinit_array_start
00121bf0 D __tdata_lma
00121bf0 D __tdata_lma_end
00121bf4 d __do_global_dtors_aux_fini_array_entry
00121bf4 D __fini_array_start
00121bf4 D __init_array_end
00121bf8 D __bss_start__
00121bf8 D __fini_array_end
00121bf8 b completed.1
00121bfc b object.0
00121c18 000005a8 B __C2Di_Context
001221c0 00000040 b s_projBot
00122200 00000040 b s_projTop
00122240 00000004 b uLoc_mdlvMtx
00122244 00000004 b uLoc_projMtx
00122248 0000000c b hookCookie
00122258 000002d0 B __C3D_Context
00122528 00000004 b frameEndCbData
0012252c 00000004 b frameEndCb
00122530 00000008 b frameCounter
00122538 00000001 b isTopStereo
00122539 00000001 b needSwapBot
0012253a 00000001 b needSwapTop
0012253b 00000001 b measureGpuTime
0012253c 00000001 b inSafeTransfer
0012253d 00000001 b inFrame
00122540 00000010 b cpuTime
00122550 00000010 b gpuTime
00122560 0000000c b linkedTarget
0012256c 00000004 b lastTarget
00122570 00000004 b firstTarget
00122574 00000008 b C3Di_IVUnifEverDirty
0012257c 000000c0 b C3Di_FVUnifEverDirty
0012263c 00000018 b C3Di_ShaderFVecData
00122654 00000002 B C3D_BoolUnifsDirty
00122658 00000008 B C3D_IVUnifDirty
00122660 000000c0 B C3D_FVUnifDirty
00122720 00000004 B C3D_BoolUnifs
00122724 00000020 B C3D_IVUnif
00122744 00000c00 B C3D_FVUnif
00123348 00000008 b sLinearPool
00123350 0000000c b sAddrMap
00123360 00000008 b sVramPoolB
00123368 00000008 b sVramPoolA
00123370 0000000c b sAddrMap
0012337c 0000001c b escapeSeq
00123398 00000048 B currentCopy
001233e0 00000004 b screenAlloc
001233e4 00000004 b screenFree
001233e8 00000002 b gfxIsDoubleBuf
001233ec 00000002 b gfxCurBuf
001233ee 00000001 b gfxIsVram
001233ef 00000001 b gfxTopMode
001233f0 00000002 b gfxFramebufferFormats
001233f4 00000004 b gfxBottomFramebufferMaxSize
001233f8 00000004 b gfxTopFramebufferMaxSize
00123400 00000008 b gfxBottomFramebuffers
00123408 00000008 b gfxTopFramebuffers
00123410 00000001 V __ctru_speedup
00123414 00000004 B gpuCmdBufOffset
00123418 00000004 B gpuCmdBufSize
0012341c 00000004 B gpuCmdBuf
00123420 00000004 b boundQueue
00123424 00000001 b shouldStop
00123425 00000001 b isRunning
00123426 00000001 b isActive
00123428 00000004 b curQueue
0012342c 00000001 b flagValue.0
0012342d 00000001 b flagInit.1
00123430 00000004 b serviceName.6
00123434 00000001 b aptChainloadFlags
00123435 00000001 b aptChainloadMediatype
00123438 00000020 b aptChainloadHmac
00123458 00000300 b aptChainloadDeliverArg
00123758 00000008 b aptChainloadTid
00123760 00001000 b aptParameters
00124760 00000004 b aptFlags
00124764 00000001 b aptHomeButtonState
00124768 00000004 b aptMessageFuncData
0012476c 00000004 b aptMessageFunc
00124770 0000000c b aptFirstHook
0012477c 00000001 b aptEventHandlerThreadQuit
00124780 00000004 b aptEventHandlerThread
00124784 00000008 b aptSleepEvent
0012478c 00000008 b aptReceiveEvent
00124794 00000008 b aptEvents
0012479c 00000004 b aptLockHandle
001247a0 00000004 b aptRefCount
001247a4 00000007 b gspEventCbOneShot
001247ac 0000001c b gspEventCbData
001247c8 0000001c b gspEventCb
001247e4 00000038 b gspEvents
0012481c 00000004 b gspLastEvent
00124820 00000001 b gspRunEvents
00124824 00000004 b gspEventThread
00124828 00000004 b gspEvent
0012482c 00000001 b gspGpuRight
0012482d 00000001 b gspThreadId
00124830 00000004 b gspSharedMem
00124834 00000004 b gspSharedMemHandle
00124838 00000004 b gspRefCount
0012483c 00000004 b gspGpuHandle
00124840 00000001 b usingIrrst
00124844 00000004 b hidRefCount
00124848 00000006 b gRate
00124850 00000006 b aVec
00124858 00000004 b cPos
0012485c 00000004 b tPos
00124860 00000004 b kRepeat
00124864 00000004 b kUp
00124868 00000004 b kDown
0012486c 00000004 b kHeld
00124870 00000004 b kOld
00124874 00000004 B hidSharedMem
00124878 00000014 B hidEvents
0012488c 00000004 B hidMemHandle
00124890 00000004 B hidHandle
00124894 00000004 b irrstRefCount
00124898 00000004 b csPos
0012489c 00000004 b kHeld
001248a0 00000004 B irrstSharedMem
001248a4 00000004 B irrstEvent
001248a8 00000004 B irrstMemHandle
001248ac 00000004 B irrstHandle
001248b0 00000004 b mcuHwcRefCount
001248b4 00000004 b mcuHwcHandle
001248b8 00000004 b ptmSysmRefCount
001248bc 00000004 b ptmSysmHandle
001248c0 00000004 V __ctru_linear_heap_size
001248c4 00000004 V __ctru_heap_size
001248c8 00000004 B __ctru_linear_heap
001248cc 00000004 B __ctru_heap
001248d0 00000004 B __system_retAddr
001248d4 00000004 B __system_argv
001248d8 00000004 B __system_argc
001248dc b saved_stack
001248e4 00000004 B __3dslink_host
001248e8 00000004 b srvRefCount
001248ec 00000004 b srvHandle
001248f0 00000004 b arbiter
001248f4 00000004 b currentAddr
001248f8 00000004 b maxAddr
001248fc 00000004 b minAddr
00124900 00000004 b srvPmHandle
00124908 000005c0 b archive_devices
00124ec8 00000004 b archive_device_cwd
00124ecc 00000001 b archive_initialized
00124ed0 00000080 b fsExemptArchives
00124f50 00000004 b fsuRefCount
00124f54 00000004 b fsuHandle
00124f58 0000000c b __sfp_recursive_mutex
00124f68 00000168 B __sf
001250d0 00000004 B __stdio_exit_handler
001250d4 00000028 B __malloc_current_mallinfo
001250fc 00000004 B __malloc_max_total_mem
00125100 00000004 B __malloc_max_sbrked_mem
00125104 00000004 B __malloc_top_pad
00125108 0000000c b __malloc_recursive_mutex
00125114 00000400 b temp_cwd
00125514 00000004 b __hndl_lock
00125518 00000004 B fake_heap_start
0012551c 00000004 B fake_heap_end
00125520 00000004 b heap_start.0
00125524 B __tls_start
0012612c B __bss_end__
0012612c A __end__
0012612c B __tls_end
